[debug] [2021-11-12T11:37:43.746Z] ----------------------------------------------------------------------
[debug] [2021-11-12T11:37:43.748Z] Command:       /usr/bin/node /home/dong/.npm-global/bin/firebase deploy
[debug] [2021-11-12T11:37:43.748Z] CLI Version:   9.22.0
[debug] [2021-11-12T11:37:43.748Z] Platform:      linux
[debug] [2021-11-12T11:37:43.748Z] Node Version:  v10.19.0
[debug] [2021-11-12T11:37:43.749Z] Time:          Fri Nov 12 2021 18:37:43 GMT+0700 (Indochina Time)
[debug] [2021-11-12T11:37:43.749Z] ----------------------------------------------------------------------
[debug] 
[debug] [2021-11-12T11:37:43.801Z] > command requires scopes: ["email","openid","https://www.googleapis.com/auth/cloudplatformprojects.readonly","https://www.googleapis.com/auth/firebase","https://www.googleapis.com/auth/cloud-platform"]
[debug] [2021-11-12T11:37:43.801Z] > authorizing via signed-in user (dongngo20012001@gmail.com)
[debug] [2021-11-12T11:37:43.801Z] [iam] checking project pbl4-31c91 for permissions ["firebase.projects.get","firebasehosting.sites.update"]
[debug] [2021-11-12T11:37:43.803Z] > refreshing access token with scopes: ["email","https://www.googleapis.com/auth/cloud-platform","https://www.googleapis.com/auth/cloudplatformprojects.readonly","https://www.googleapis.com/auth/firebase","openid"]
[debug] [2021-11-12T11:37:43.803Z] >>> HTTP REQUEST POST https://www.googleapis.com/oauth2/v3/token  
 <request body omitted>
[debug] [2021-11-12T11:37:44.038Z] <<< HTTP RESPONSE 200 {"expires":"Mon, 01 Jan 1990 00:00:00 GMT","pragma":"no-cache","cache-control":"no-cache, no-store, max-age=0, must-revalidate","date":"Fri, 12 Nov 2021 11:37:44 GMT","content-type":"application/json; charset=utf-8","vary":"X-Origin, Referer, Origin,Accept-Encoding","server":"scaffolding on HTTPServer2","x-xss-protection":"0","x-frame-options":"SAMEORIGIN","x-content-type-options":"nosniff","alt-svc":"clear","accept-ranges":"none","transfer-encoding":"chunked"}
[debug] [2021-11-12T11:37:44.103Z] >>> HTTP REQUEST POST https://cloudresourcemanager.googleapis.com/v1/projects/pbl4-31c91:testIamPermissions  
 {"permissions":["firebase.projects.get","firebasehosting.sites.update"]}
[debug] [2021-11-12T11:37:45.101Z] <<< HTTP RESPONSE 200 {"content-type":"application/json; charset=UTF-8","vary":"X-Origin, Referer, Origin,Accept-Encoding","date":"Fri, 12 Nov 2021 11:37:45 GMT","server":"ESF","cache-control":"private","x-xss-protection":"0","x-frame-options":"SAMEORIGIN","x-content-type-options":"nosniff","server-timing":"gfet4t7; dur=810","alt-svc":"clear","accept-ranges":"none","transfer-encoding":"chunked"}
[debug] [2021-11-12T11:37:45.109Z] > refreshing access token with scopes: []
[debug] [2021-11-12T11:37:45.110Z] >>> HTTP REQUEST POST https://www.googleapis.com/oauth2/v3/token  
 <request body omitted>
[debug] [2021-11-12T11:37:45.279Z] <<< HTTP RESPONSE 200 {"cache-control":"no-cache, no-store, max-age=0, must-revalidate","expires":"Mon, 01 Jan 1990 00:00:00 GMT","date":"Fri, 12 Nov 2021 11:37:45 GMT","pragma":"no-cache","content-type":"application/json; charset=utf-8","vary":"X-Origin, Referer, Origin,Accept-Encoding","server":"scaffolding on HTTPServer2","x-xss-protection":"0","x-frame-options":"SAMEORIGIN","x-content-type-options":"nosniff","alt-svc":"clear","accept-ranges":"none","transfer-encoding":"chunked"}
[debug] [2021-11-12T11:37:45.330Z] >>> [apiv2][query] GET https://firebase.googleapis.com/v1beta1/projects/pbl4-31c91 [none]
[debug] [2021-11-12T11:37:45.923Z] <<< [apiv2][status] GET https://firebase.googleapis.com/v1beta1/projects/pbl4-31c91 200
[debug] [2021-11-12T11:37:45.923Z] <<< [apiv2][body] GET https://firebase.googleapis.com/v1beta1/projects/pbl4-31c91 {"projectId":"pbl4-31c91","projectNumber":"664189841099","displayName":"PBL4","name":"projects/pbl4-31c91","resources":{"hostingSite":"pbl4-31c91","storageBucket":"pbl4-31c91.appspot.com","locationId":"asia-southeast1"},"state":"ACTIVE"}
[info] 
[info] === Deploying to 'pbl4-31c91'...
[info] 
[info] i  deploying hosting 
[debug] [2021-11-12T11:37:45.928Z] > refreshing access token with scopes: ["email","https://www.googleapis.com/auth/cloud-platform","https://www.googleapis.com/auth/cloudplatformprojects.readonly","https://www.googleapis.com/auth/firebase","openid"]
[debug] [2021-11-12T11:37:45.928Z] >>> HTTP REQUEST POST https://www.googleapis.com/oauth2/v3/token  
 <request body omitted>
[debug] [2021-11-12T11:37:46.134Z] <<< HTTP RESPONSE 200 {"date":"Fri, 12 Nov 2021 11:37:46 GMT","expires":"Mon, 01 Jan 1990 00:00:00 GMT","pragma":"no-cache","cache-control":"no-cache, no-store, max-age=0, must-revalidate","content-type":"application/json; charset=utf-8","vary":"X-Origin, Referer, Origin,Accept-Encoding","server":"scaffolding on HTTPServer2","x-xss-protection":"0","x-frame-options":"SAMEORIGIN","x-content-type-options":"nosniff","alt-svc":"clear","accept-ranges":"none","transfer-encoding":"chunked"}
[debug] [2021-11-12T11:37:46.184Z] >>> HTTP REQUEST POST https://firebasehosting.googleapis.com/v1beta1/sites/pbl4-31c91/versions  
 {"config":{},"labels":{"deployment-tool":"cli-firebase"}}
